2019-04-03T06:39:59+00:00 DEBUG 
====Stripe Version: 4.1.15====
====Start Log====
Keys are not set correctly.
====End Log====


2019-04-03T06:40:56+00:00 DEBUG 
====Stripe Version: 4.1.15====
====Start Log====
Keys are not set correctly.
====End Log====


2019-04-03T06:46:23+00:00 DEBUG 
====Stripe Version: 4.1.15====
====Start Log====
Keys are not set correctly.
====End Log====


2019-04-03T06:46:35+00:00 DEBUG 
====Stripe Version: 4.1.15====
====Start Log====
Keys are not set correctly.
====End Log====


